# JRE version: OpenJDK Runtime Environment (8.0_171-b11) (build 1.8.0_171-8u171-b11-0ubuntu0.18.04.1-b11)
# Java VM: OpenJDK 64-Bit Server VM (25.171-b11 mixed mode linux-amd64 compressed oops)
Heap:
 PSYoungGen      total 252416K, used 96K [0x00000000d9380000, 0x00000000e9080000, 0x0000000100000000)
  eden space 245760K, 0% used [0x00000000d9380000,0x00000000d9380000,0x00000000e8380000)
  from space 6656K, 1% used [0x00000000e8380000,0x00000000e8398000,0x00000000e8a00000)
  to   space 6656K, 0% used [0x00000000e8a00000,0x00000000e8a00000,0x00000000e9080000)
 ParOldGen       total 80896K, used 6478K [0x000000008ba00000, 0x0000000090900000, 0x00000000d9380000)
  object space 80896K, 8% used [0x000000008ba00000,0x000000008c053a58,0x0000000090900000)
 Metaspace       used 7803K, capacity 7872K, committed 8192K, reserved 1056768K
  class space    used 905K, capacity 919K, committed 1024K, reserved 1048576K
GC Heap History (10 events):
Event: 2.910 GC heap after
Heap after GC invocations=2 (full 0):
 PSYoungGen      total 66048K, used 4592K [0x00000000d9380000, 0x00000000dd880000, 0x0000000100000000)
  eden space 61440K, 0% used [0x00000000d9380000,0x00000000d9380000,0x00000000dcf80000)
  from space 4608K, 99% used [0x00000000dd400000,0x00000000dd87c170,0x00000000dd880000)
  to   space 4608K, 0% used [0x00000000dcf80000,0x00000000dcf80000,0x00000000dd400000)
 ParOldGen       total 80896K, used 1880K [0x000000008ba00000, 0x0000000090900000, 0x00000000d9380000)
  object space 80896K, 2% used [0x000000008ba00000,0x000000008bbd6048,0x0000000090900000)
 Metaspace       used 7795K, capacity 7872K, committed 8192K, reserved 1056768K
  class space    used 904K, capacity 919K, committed 1024K, reserved 1048576K
}
Event: 3.283 GC heap before
{Heap before GC invocations=3 (full 0):
 PSYoungGen      total 66048K, used 66032K [0x00000000d9380000, 0x00000000dd880000, 0x0000000100000000)
  eden space 61440K, 100% used [0x00000000d9380000,0x00000000dcf80000,0x00000000dcf80000)
  from space 4608K, 99% used [0x00000000dd400000,0x00000000dd87c170,0x00000000dd880000)
  to   space 4608K, 0% used [0x00000000dcf80000,0x00000000dcf80000,0x00000000dd400000)
 ParOldGen       total 80896K, used 1880K [0x000000008ba00000, 0x0000000090900000, 0x00000000d9380000)
  object space 80896K, 2% used [0x000000008ba00000,0x000000008bbd6048,0x0000000090900000)
 Metaspace       used 7799K, capacity 7872K, committed 8192K, reserved 1056768K
  class space    used 904K, capacity 919K, committed 1024K, reserved 1048576K
Event: 3.315 GC heap after
Heap after GC invocations=3 (full 0):
 PSYoungGen      total 66048K, used 4600K [0x00000000d9380000, 0x00000000e1480000, 0x0000000100000000)
  eden space 61440K, 0% used [0x00000000d9380000,0x00000000d9380000,0x00000000dcf80000)
  from space 4608K, 99% used [0x00000000dcf80000,0x00000000dd3fe170,0x00000000dd400000)
  to   space 4608K, 0% used [0x00000000e1000000,0x00000000e1000000,0x00000000e1480000)
 ParOldGen       total 80896K, used 1880K [0x000000008ba00000, 0x0000000090900000, 0x00000000d9380000)
  object space 80896K, 2% used [0x000000008ba00000,0x000000008bbd6048,0x0000000090900000)
 Metaspace       used 7799K, capacity 7872K, committed 8192K, reserved 1056768K
  class space    used 904K, capacity 919K, committed 1024K, reserved 1048576K
}
Event: 3.600 GC heap before
{Heap before GC invocations=4 (full 0):
 PSYoungGen      total 66048K, used 66040K [0x00000000d9380000, 0x00000000e1480000, 0x0000000100000000)
  eden space 61440K, 100% used [0x00000000d9380000,0x00000000dcf80000,0x00000000dcf80000)
  from space 4608K, 99% used [0x00000000dcf80000,0x00000000dd3fe170,0x00000000dd400000)
  to   space 4608K, 0% used [0x00000000e1000000,0x00000000e1000000,0x00000000e1480000)
 ParOldGen       total 80896K, used 1880K [0x000000008ba00000, 0x0000000090900000, 0x00000000d9380000)
  object space 80896K, 2% used [0x000000008ba00000,0x000000008bbd6048,0x0000000090900000)
 Metaspace       used 7800K, capacity 7872K, committed 8192K, reserved 1056768K
  class space    used 905K, capacity 919K, committed 1024K, reserved 1048576K
Event: 3.622 GC heap after
Heap after GC invocations=4 (full 0):
 PSYoungGen      total 127488K, used 4584K [0x00000000d9380000, 0x00000000e1480000, 0x0000000100000000)
  eden space 122880K, 0% used [0x00000000d9380000,0x00000000d9380000,0x00000000e0b80000)
  from space 4608K, 99% used [0x00000000e1000000,0x00000000e147a180,0x00000000e1480000)
  to   space 4608K, 0% used [0x00000000e0b80000,0x00000000e0b80000,0x00000000e1000000)
 ParOldGen       total 80896K, used 1888K [0x000000008ba00000, 0x0000000090900000, 0x00000000d9380000)
  object space 80896K, 2% used [0x000000008ba00000,0x000000008bbd8048,0x0000000090900000)
 Metaspace       used 7800K, capacity 7872K, committed 8192K, reserved 1056768K
  class space    used 905K, capacity 919K, committed 1024K, reserved 1048576K
}
Event: 4.017 GC heap before
{Heap before GC invocations=5 (full 0):
 PSYoungGen      total 127488K, used 127464K [0x00000000d9380000, 0x00000000e1480000, 0x0000000100000000)
  eden space 122880K, 100% used [0x00000000d9380000,0x00000000e0b80000,0x00000000e0b80000)
  from space 4608K, 99% used [0x00000000e1000000,0x00000000e147a180,0x00000000e1480000)
  to   space 4608K, 0% used [0x00000000e0b80000,0x00000000e0b80000,0x00000000e1000000)
 ParOldGen       total 80896K, used 1888K [0x000000008ba00000, 0x0000000090900000, 0x00000000d9380000)
  object space 80896K, 2% used [0x000000008ba00000,0x000000008bbd8048,0x0000000090900000)
 Metaspace       used 7803K, capacity 7872K, committed 8192K, reserved 1056768K
  class space    used 905K, capacity 919K, committed 1024K, reserved 1048576K
Event: 4.041 GC heap after
Heap after GC invocations=5 (full 0):
 PSYoungGen      total 127488K, used 4592K [0x00000000d9380000, 0x00000000e9080000, 0x0000000100000000)
  eden space 122880K, 0% used [0x00000000d9380000,0x00000000d9380000,0x00000000e0b80000)
  from space 4608K, 99% used [0x00000000e0b80000,0x00000000e0ffc170,0x00000000e1000000)
  to   space 6656K, 0% used [0x00000000e8a00000,0x00000000e8a00000,0x00000000e9080000)
 ParOldGen       total 80896K, used 1920K [0x000000008ba00000, 0x0000000090900000, 0x00000000d9380000)
  object space 80896K, 2% used [0x000000008ba00000,0x000000008bbe0048,0x0000000090900000)
 Metaspace       used 7803K, capacity 7872K, committed 8192K, reserved 1056768K
  class space    used 905K, capacity 919K, committed 1024K, reserved 1048576K
}
Event: 4.244 GC heap before
{Heap before GC invocations=6 (full 0):
 PSYoungGen      total 127488K, used 127472K [0x00000000d9380000, 0x00000000e9080000, 0x0000000100000000)
  eden space 122880K, 100% used [0x00000000d9380000,0x00000000e0b80000,0x00000000e0b80000)
  from space 4608K, 99% used [0x00000000e0b80000,0x00000000e0ffc170,0x00000000e1000000)
  to   space 6656K, 0% used [0x00000000e8a00000,0x00000000e8a00000,0x00000000e9080000)
 ParOldGen       total 80896K, used 1920K [0x000000008ba00000, 0x0000000090900000, 0x00000000d9380000)
  object space 80896K, 2% used [0x000000008ba00000,0x000000008bbe0048,0x0000000090900000)
 Metaspace       used 7803K, capacity 7872K, committed 8192K, reserved 1056768K
  class space    used 905K, capacity 919K, committed 1024K, reserved 1048576K
Event: 4.282 GC heap after
Heap after GC invocations=6 (full 0):
 PSYoungGen      total 252416K, used 4608K [0x00000000d9380000, 0x00000000e9080000, 0x0000000100000000)
  eden space 245760K, 0% used [0x00000000d9380000,0x00000000d9380000,0x00000000e8380000)
  from space 6656K, 69% used [0x00000000e8a00000,0x00000000e8e80160,0x00000000e9080000)
  to   space 6656K, 0% used [0x00000000e8380000,0x00000000e8380000,0x00000000e8a00000)
 ParOldGen       total 80896K, used 1928K [0x000000008ba00000, 0x0000000090900000, 0x00000000d9380000)
  object space 80896K, 2% used [0x000000008ba00000,0x000000008bbe2048,0x0000000090900000)
 Metaspace       used 7803K, capacity 7872K, committed 8192K, reserved 1056768K
  class space    used 905K, capacity 919K, committed 1024K, reserved 1048576K
}
Event: 4.960 GC heap before
{Heap before GC invocations=7 (full 0):
 PSYoungGen      total 252416K, used 250368K [0x00000000d9380000, 0x00000000e9080000, 0x0000000100000000)
  eden space 245760K, 100% used [0x00000000d9380000,0x00000000e8380000,0x00000000e8380000)
  from space 6656K, 69% used [0x00000000e8a00000,0x00000000e8e80160,0x00000000e9080000)
  to   space 6656K, 0% used [0x00000000e8380000,0x00000000e8380000,0x00000000e8a00000)
 ParOldGen       total 80896K, used 1928K [0x000000008ba00000, 0x0000000090900000, 0x00000000d9380000)
  object space 80896K, 2% used [0x000000008ba00000,0x000000008bbe2048,0x0000000090900000)
 Metaspace       used 7803K, capacity 7872K, committed 8192K, reserved 1056768K
  class space    used 905K, capacity 919K, committed 1024K, reserved 1048576K

